<?xml version="1.0" encoding="UTF-8"?><testsuite errors="0" failures="0" name="ui.swagger.info.StoresCRUDTest" skipped="0" tests="4" time="0.48" timestamp="2022-06-07T19:02:34.451+01:00[Europe/London]"><testcase classname="ui.swagger.info.StoresCRUDTest" name="This will create a new store"/><testcase classname="ui.swagger.info.StoresCRUDTest" name="Verify if the Store was added to the application"/><testcase classname="ui.swagger.info.StoresCRUDTest" name="Update the store information"/><testcase classname="ui.swagger.info.StoresCRUDTest" name="Delete the product by ID"/></testsuite>