<?xml version="1.0" encoding="UTF-8"?><testsuite errors="0" failures="0" name="ui.swagger.info.ServicesCRUDTest" skipped="0" tests="4" time="0.39" timestamp="2022-06-07T19:02:33.857+01:00[Europe/London]"><testcase classname="ui.swagger.info.ServicesCRUDTest" name="This will create a New Service"/><testcase classname="ui.swagger.info.ServicesCRUDTest" name="Verify if the Services was added to the application"/><testcase classname="ui.swagger.info.ServicesCRUDTest" name="Update the Services information"/><testcase classname="ui.swagger.info.ServicesCRUDTest" name="Delete the Services by ID"/></testsuite>