<?xml version="1.0" encoding="UTF-8"?><testsuite errors="0" failures="0" name="ui.swagger.info.CategoriesCRUDTest" skipped="0" tests="4" time="15.56" timestamp="2022-06-07T19:02:14.169+01:00[Europe/London]"><testcase classname="ui.swagger.info.CategoriesCRUDTest" name="This will create a New Category"/><testcase classname="ui.swagger.info.CategoriesCRUDTest" name="Verify if the Category was added to the application"/><testcase classname="ui.swagger.info.CategoriesCRUDTest" name="Update the Category information"/><testcase classname="ui.swagger.info.CategoriesCRUDTest" name="Delete the Category by ID"/></testsuite>