<?xml version="1.0" encoding="UTF-8"?><testsuite errors="0" failures="0" name="ui.swagger.info.ProductsCRUDTest" skipped="0" tests="4" time="0.47" timestamp="2022-06-07T19:02:33.091+01:00[Europe/London]"><testcase classname="ui.swagger.info.ProductsCRUDTest" name="This will create a New product"/><testcase classname="ui.swagger.info.ProductsCRUDTest" name="Verify if the Product was added to the application"/><testcase classname="ui.swagger.info.ProductsCRUDTest" name="Update the product information"/><testcase classname="ui.swagger.info.ProductsCRUDTest" name="Delete the product by ID"/></testsuite>